<?xml version="1.0" encoding="UTF-8"?>
<!-- Generated by org.testng.reporters.JUnitReportReporter -->
<testsuite skipped="0" hostname="LAPTOP-7QPEDCTN" name="GrootanTask.imagecompare" tests="1" failures="0" timestamp="2020-11-04T20:00:17 IST" time="0.015" errors="0">
  <testcase name="comparetheimage" time="0.015" classname="GrootanTask.imagecompare"/>
</testsuite> <!-- GrootanTask.imagecompare -->
